<?xml version="1.0" encoding="UTF-8"?>
<testsuites name="chengpinceshi" time="184" tests="3" failures="1" errors="0">
   <testsuite name="chengpinceshi" tests="3" failures="1" errors="0" time="184" timestamp="2018-03-22 09:47:55" hostname="sun - admin" id="Test Suites/chengpinceshi">
      <properties>
         <property name="deviceName" value=""/>
         <property name="devicePlatform" value=""/>
         <property name="logFolder" value="D:\\test\\changshanghoutai\\Reports\\chengpinceshi\\20180322_094753"/>
         <property name="logFiles" value="D:\\test\\changshanghoutai\\Reports\\chengpinceshi\\20180322_094753\\execution0.log"/>
         <property name="attachments" value=""/>
         <property name="hostName" value="sun - admin"/>
         <property name="os" value="Windows 10 64bit"/>
         <property name="katalonVersion" value="5.3.1.1"/>
         <property name="browser" value="Chrome 65.0.3325.162"/>
         <property name="hostAddress" value="192.168.1.23"/>
         <property name="sessionId" value="4f78941c377acbb58ab54340b916f99d"/>
         <property name="seleniumVersion" value="3.7.1"/>
         <property name="proxyInformation" value="ProxyInformation{proxyOption=NO_PROXY, proxyServerType=HTTP, password=, proxyServerAddress=, proxyServerPort=0}"/>
         <property name="platform" value="Windows 10"/>
      </properties>
      <testcase name="Test Cases/jinxiaocun/chengpinguanli/chengpinliebiao-xinzeng" classname="Test Cases/jinxiaocun/chengpinguanli/chengpinliebiao-xinzeng" status="PASSED">
         <system-out><![CDATA[2018-03-22 09:47:56 - [TEST_CASE][PASSED] - Test Cases/jinxiaocun/chengpinguanli/chengpinliebiao-xinzeng: Test Cases/jinxiaocun/chengpinguanli/chengpinliebiao-xinzeng

2018-03-22 09:48:01 - [TEST_STEP][PASSED] - callTestCase: Call Test Case 'Test Cases/denglu' successfully

2018-03-22 09:48:01 - [TEST_CASE][PASSED] - Test Cases/denglu: Test Cases/denglu

2018-03-22 09:48:02 - [TEST_STEP][PASSED] - openBrowser: Browser is opened with url: 'http://192.168.1.120:3000'

2018-03-22 09:48:09 - [MESSAGE][PASSED] - Browser is opened with url: 'http://192.168.1.120:3000'

2018-03-22 09:48:09 - [TEST_STEP][PASSED] - setViewPortSize: Viewport is set to new size with width = 1859 and height = 1348

2018-03-22 09:48:10 - [MESSAGE][PASSED] - Viewport is set to new size with width = 1859 and height = 1348

2018-03-22 09:48:10 - [TEST_STEP][PASSED] - waitForElementVisible: Object 'Object Repository/changshanghoutai/登录/input_用户名' is visible

2018-03-22 09:48:11 - [MESSAGE][PASSED] - Object 'Object Repository/changshanghoutai/登录/input_用户名' is visible

2018-03-22 09:48:11 - [TEST_STEP][PASSED] - setText: Text 'jladmin' is set on object 'Object Repository/changshanghoutai/登录/input_用户名'

2018-03-22 09:48:12 - [MESSAGE][PASSED] - Text 'jladmin' is set on object 'Object Repository/changshanghoutai/登录/input_用户名'

2018-03-22 09:48:12 - [TEST_STEP][PASSED] - setText: Text 'admin' is set on object 'Object Repository/changshanghoutai/登录/input_密码'

2018-03-22 09:48:13 - [MESSAGE][PASSED] - Text 'admin' is set on object 'Object Repository/changshanghoutai/登录/input_密码'

2018-03-22 09:48:13 - [TEST_STEP][PASSED] - click: Object: 'Object Repository/changshanghoutai/登录/button_登录' is clicked on

2018-03-22 09:48:14 - [MESSAGE][PASSED] - Object: 'Object Repository/changshanghoutai/登录/button_登录' is clicked on

2018-03-22 09:48:14 - [MESSAGE][PASSED] - Call Test Case 'Test Cases/denglu' successfully

2018-03-22 09:48:14 - [TEST_STEP][PASSED] - waitForElementVisible: Object 'Object Repository/changshanghoutai/左侧菜单/成品管理/span_成品管理' is visible

2018-03-22 09:48:17 - [MESSAGE][PASSED] - Object 'Object Repository/changshanghoutai/左侧菜单/成品管理/span_成品管理' is visible

2018-03-22 09:48:17 - [TEST_STEP][PASSED] - click: Object: 'Object Repository/changshanghoutai/左侧菜单/成品管理/span_成品管理' is clicked on

2018-03-22 09:48:17 - [MESSAGE][PASSED] - Object: 'Object Repository/changshanghoutai/左侧菜单/成品管理/span_成品管理' is clicked on

2018-03-22 09:48:17 - [TEST_STEP][PASSED] - waitForElementVisible: Object 'Object Repository/changshanghoutai/左侧菜单/成品管理/a_成品列表' is visible

2018-03-22 09:48:18 - [MESSAGE][PASSED] - Object 'Object Repository/changshanghoutai/左侧菜单/成品管理/a_成品列表' is visible

2018-03-22 09:48:18 - [TEST_STEP][PASSED] - click: Object: 'Object Repository/changshanghoutai/左侧菜单/成品管理/a_成品列表' is clicked on

2018-03-22 09:48:19 - [MESSAGE][PASSED] - Object: 'Object Repository/changshanghoutai/左侧菜单/成品管理/a_成品列表' is clicked on

2018-03-22 09:48:19 - [TEST_STEP][PASSED] - delay: Delayed 2 second(s)

2018-03-22 09:48:21 - [MESSAGE][PASSED] - Delayed 2 second(s)

2018-03-22 09:48:21 - [TEST_STEP][PASSED] - click: Object: 'Object Repository/changshanghoutai/成品管理/新增编辑/a_新增' is clicked on

2018-03-22 09:48:22 - [MESSAGE][PASSED] - Object: 'Object Repository/changshanghoutai/成品管理/新增编辑/a_新增' is clicked on

2018-03-22 09:48:22 - [TEST_STEP][PASSED] - waitForElementVisible: Object 'Object Repository/changshanghoutai/成品管理/新增编辑/input_成品名称' is visible

2018-03-22 09:48:23 - [MESSAGE][PASSED] - Object 'Object Repository/changshanghoutai/成品管理/新增编辑/input_成品名称' is visible

2018-03-22 09:48:23 - [TEST_STEP][PASSED] - uploadFile: File 'D:\test\changshanghoutai/Data Files/图片/成品图片/沙发.jpg' sent to object: 'Object Repository/changshanghoutai/成品管理/新增编辑/input_成品图片'

2018-03-22 09:48:23 - [MESSAGE][PASSED] - File 'D:\test\changshanghoutai/Data Files/图片/成品图片/沙发.jpg' sent to object: 'Object Repository/changshanghoutai/成品管理/新增编辑/input_成品图片'

2018-03-22 09:48:23 - [TEST_STEP][PASSED] - setText: Text '自动化测试-三人沙发' is set on object 'Object Repository/changshanghoutai/成品管理/新增编辑/input_成品名称'

2018-03-22 09:48:24 - [MESSAGE][PASSED] - Text '自动化测试-三人沙发' is set on object 'Object Repository/changshanghoutai/成品管理/新增编辑/input_成品名称'

2018-03-22 09:48:24 - [TEST_STEP][PASSED] - setText: Text 'SX002' is set on object 'Object Repository/changshanghoutai/成品管理/新增编辑/input_成品型号'

2018-03-22 09:48:24 - [MESSAGE][PASSED] - Text 'SX002' is set on object 'Object Repository/changshanghoutai/成品管理/新增编辑/input_成品型号'

2018-03-22 09:48:24 - [TEST_STEP][PASSED] - selectOptionByValue: All options with value '2' are selected in object 'Object Repository/changshanghoutai/成品管理/新增编辑/select_成品用途'  using regular expression

2018-03-22 09:48:25 - [MESSAGE][PASSED] - All options with value '2' are selected in object 'Object Repository/changshanghoutai/成品管理/新增编辑/select_成品用途'  using regular expression

2018-03-22 09:48:25 - [TEST_STEP][PASSED] - delay: Delayed 2 second(s)

2018-03-22 09:48:27 - [MESSAGE][PASSED] - Delayed 2 second(s)

2018-03-22 09:48:27 - [TEST_STEP][PASSED] - selectOptionByValue: All options with value '34' are selected in object 'Object Repository/changshanghoutai/成品管理/新增编辑/select_二级分类'  using regular expression

2018-03-22 09:48:28 - [MESSAGE][PASSED] - All options with value '34' are selected in object 'Object Repository/changshanghoutai/成品管理/新增编辑/select_二级分类'  using regular expression

2018-03-22 09:48:28 - [TEST_STEP][PASSED] - delay: Delayed 2 second(s)

2018-03-22 09:48:30 - [MESSAGE][PASSED] - Delayed 2 second(s)

2018-03-22 09:48:30 - [TEST_STEP][PASSED] - selectOptionByValue: All options with value '215' are selected in object 'Object Repository/changshanghoutai/成品管理/新增编辑/select_三级分类'  using regular expression

2018-03-22 09:48:30 - [MESSAGE][PASSED] - All options with value '215' are selected in object 'Object Repository/changshanghoutai/成品管理/新增编辑/select_三级分类'  using regular expression

2018-03-22 09:48:30 - [TEST_STEP][PASSED] - setText: Text '123' is set on object 'Object Repository/changshanghoutai/成品管理/新增编辑/input_长'

2018-03-22 09:48:30 - [MESSAGE][PASSED] - Text '123' is set on object 'Object Repository/changshanghoutai/成品管理/新增编辑/input_长'

2018-03-22 09:48:30 - [TEST_STEP][PASSED] - setText: Text '322' is set on object 'Object Repository/changshanghoutai/成品管理/新增编辑/input_宽'

2018-03-22 09:48:31 - [MESSAGE][PASSED] - Text '322' is set on object 'Object Repository/changshanghoutai/成品管理/新增编辑/input_宽'

2018-03-22 09:48:31 - [TEST_STEP][PASSED] - setText: Text '500' is set on object 'Object Repository/changshanghoutai/成品管理/新增编辑/input_高'

2018-03-22 09:48:31 - [MESSAGE][PASSED] - Text '500' is set on object 'Object Repository/changshanghoutai/成品管理/新增编辑/input_高'

2018-03-22 09:48:31 - [TEST_STEP][PASSED] - setText: Text '红色' is set on object 'Object Repository/changshanghoutai/成品管理/新增编辑/input_颜色'

2018-03-22 09:48:31 - [MESSAGE][PASSED] - Text '红色' is set on object 'Object Repository/changshanghoutai/成品管理/新增编辑/input_颜色'

2018-03-22 09:48:31 - [TEST_STEP][PASSED] - setText: Text '经典的造型' is set on object 'Object Repository/changshanghoutai/成品管理/新增编辑/input_重要特性'

2018-03-22 09:48:32 - [MESSAGE][PASSED] - Text '经典的造型' is set on object 'Object Repository/changshanghoutai/成品管理/新增编辑/input_重要特性'

2018-03-22 09:48:32 - [TEST_STEP][PASSED] - selectOptionByValue: All options with value '15' are selected in object 'Object Repository/changshanghoutai/成品管理/新增编辑/select_计价单位'  using regular expression

2018-03-22 09:48:32 - [MESSAGE][PASSED] - All options with value '15' are selected in object 'Object Repository/changshanghoutai/成品管理/新增编辑/select_计价单位'  using regular expression

2018-03-22 09:48:32 - [TEST_STEP][PASSED] - selectOptionByValue: All options with value '16' are selected in object 'Object Repository/changshanghoutai/成品管理/新增编辑/select_计数单位'  using regular expression

2018-03-22 09:48:33 - [MESSAGE][PASSED] - All options with value '16' are selected in object 'Object Repository/changshanghoutai/成品管理/新增编辑/select_计数单位'  using regular expression

2018-03-22 09:48:33 - [TEST_STEP][PASSED] - setText: Text '特殊处理工艺，是两地分居生理课的积分' is set on object 'Object Repository/changshanghoutai/成品管理/新增编辑/textarea_备注'

2018-03-22 09:48:34 - [MESSAGE][PASSED] - Text '特殊处理工艺，是两地分居生理课的积分' is set on object 'Object Repository/changshanghoutai/成品管理/新增编辑/textarea_备注'

2018-03-22 09:48:34 - [TEST_STEP][PASSED] - click: Object: 'Object Repository/changshanghoutai/成品管理/新增编辑/button_提交' is clicked on

2018-03-22 09:48:34 - [MESSAGE][PASSED] - Object: 'Object Repository/changshanghoutai/成品管理/新增编辑/button_提交' is clicked on

2018-03-22 09:48:34 - [TEST_STEP][PASSED] - delay: Delayed 5 second(s)

2018-03-22 09:48:39 - [MESSAGE][PASSED] - Delayed 5 second(s)

2018-03-22 09:48:39 - [TEST_STEP][PASSED] - verifyElementText: Actual text and expected text of test object 'Object Repository/changshanghoutai/成品管理/新增编辑/a_验证新增' are matched.

2018-03-22 09:48:39 - [MESSAGE][PASSED] - Actual text and expected text of test object 'Object Repository/changshanghoutai/成品管理/新增编辑/a_验证新增' are matched.]]></system-out>
         <system-err><![CDATA[]]></system-err>
      </testcase>
      <testcase name="Test Cases/jinxiaocun/chengpinguanli/chengpinliebiao-bianji" classname="Test Cases/jinxiaocun/chengpinguanli/chengpinliebiao-bianji" status="PASSED">
         <system-out><![CDATA[2018-03-22 09:48:39 - [TEST_CASE][PASSED] - Test Cases/jinxiaocun/chengpinguanli/chengpinliebiao-bianji: Test Cases/jinxiaocun/chengpinguanli/chengpinliebiao-bianji

2018-03-22 09:48:41 - [TEST_STEP][PASSED] - callTestCase: Call Test Case 'Test Cases/denglu' successfully

2018-03-22 09:48:41 - [TEST_CASE][PASSED] - Test Cases/denglu: Test Cases/denglu

2018-03-22 09:48:41 - [TEST_STEP][PASSED] - openBrowser: Browser is opened with url: 'http://192.168.1.120:3000'

2018-03-22 09:48:41 - [MESSAGE][WARNING] - A browser is already opened. Closing browser and opening a new one

2018-03-22 09:48:50 - [MESSAGE][PASSED] - Browser is opened with url: 'http://192.168.1.120:3000'

2018-03-22 09:48:50 - [TEST_STEP][PASSED] - setViewPortSize: Viewport is set to new size with width = 1859 and height = 1348

2018-03-22 09:48:51 - [MESSAGE][PASSED] - Viewport is set to new size with width = 1859 and height = 1348

2018-03-22 09:48:51 - [TEST_STEP][PASSED] - waitForElementVisible: Object 'Object Repository/changshanghoutai/登录/input_用户名' is visible

2018-03-22 09:48:52 - [MESSAGE][PASSED] - Object 'Object Repository/changshanghoutai/登录/input_用户名' is visible

2018-03-22 09:48:52 - [TEST_STEP][PASSED] - setText: Text 'jladmin' is set on object 'Object Repository/changshanghoutai/登录/input_用户名'

2018-03-22 09:48:53 - [MESSAGE][PASSED] - Text 'jladmin' is set on object 'Object Repository/changshanghoutai/登录/input_用户名'

2018-03-22 09:48:53 - [TEST_STEP][PASSED] - setText: Text 'admin' is set on object 'Object Repository/changshanghoutai/登录/input_密码'

2018-03-22 09:48:54 - [MESSAGE][PASSED] - Text 'admin' is set on object 'Object Repository/changshanghoutai/登录/input_密码'

2018-03-22 09:48:54 - [TEST_STEP][PASSED] - click: Object: 'Object Repository/changshanghoutai/登录/button_登录' is clicked on

2018-03-22 09:48:54 - [MESSAGE][PASSED] - Object: 'Object Repository/changshanghoutai/登录/button_登录' is clicked on

2018-03-22 09:48:54 - [MESSAGE][PASSED] - Call Test Case 'Test Cases/denglu' successfully

2018-03-22 09:48:54 - [TEST_STEP][PASSED] - waitForElementVisible: Object 'Object Repository/changshanghoutai/左侧菜单/成品管理/span_成品管理' is visible

2018-03-22 09:48:58 - [MESSAGE][PASSED] - Object 'Object Repository/changshanghoutai/左侧菜单/成品管理/span_成品管理' is visible

2018-03-22 09:48:58 - [TEST_STEP][PASSED] - click: Object: 'Object Repository/changshanghoutai/左侧菜单/成品管理/span_成品管理' is clicked on

2018-03-22 09:48:58 - [MESSAGE][PASSED] - Object: 'Object Repository/changshanghoutai/左侧菜单/成品管理/span_成品管理' is clicked on

2018-03-22 09:48:58 - [TEST_STEP][PASSED] - waitForElementVisible: Object 'Object Repository/changshanghoutai/左侧菜单/成品管理/a_成品列表' is visible

2018-03-22 09:48:58 - [MESSAGE][PASSED] - Object 'Object Repository/changshanghoutai/左侧菜单/成品管理/a_成品列表' is visible

2018-03-22 09:48:58 - [TEST_STEP][PASSED] - click: Object: 'Object Repository/changshanghoutai/左侧菜单/成品管理/a_成品列表' is clicked on

2018-03-22 09:49:00 - [MESSAGE][PASSED] - Object: 'Object Repository/changshanghoutai/左侧菜单/成品管理/a_成品列表' is clicked on

2018-03-22 09:49:00 - [TEST_STEP][PASSED] - delay: Delayed 5 second(s)

2018-03-22 09:49:05 - [MESSAGE][PASSED] - Delayed 5 second(s)

2018-03-22 09:49:05 - [TEST_STEP][PASSED] - verifyElementText: Actual text and expected text of test object 'Object Repository/changshanghoutai/成品管理/新增编辑/a_验证新增' are matched.

2018-03-22 09:49:05 - [MESSAGE][PASSED] - Actual text and expected text of test object 'Object Repository/changshanghoutai/成品管理/新增编辑/a_验证新增' are matched.

2018-03-22 09:49:05 - [TEST_STEP][PASSED] - click: Object: 'Object Repository/changshanghoutai/成品管理/新增编辑/i_编辑' is clicked on

2018-03-22 09:49:06 - [MESSAGE][PASSED] - Object: 'Object Repository/changshanghoutai/成品管理/新增编辑/i_编辑' is clicked on

2018-03-22 09:49:06 - [TEST_STEP][PASSED] - delay: Delayed 3 second(s)

2018-03-22 09:49:09 - [MESSAGE][PASSED] - Delayed 3 second(s)

2018-03-22 09:49:09 - [TEST_STEP][PASSED] - uploadFile: File 'D:\test\changshanghoutai/Data Files/图片/成品图片/沙发白.jpg' sent to object: 'Object Repository/changshanghoutai/成品管理/新增编辑/input_成品图片'

2018-03-22 09:49:09 - [MESSAGE][PASSED] - File 'D:\test\changshanghoutai/Data Files/图片/成品图片/沙发白.jpg' sent to object: 'Object Repository/changshanghoutai/成品管理/新增编辑/input_成品图片'

2018-03-22 09:49:09 - [TEST_STEP][PASSED] - setText: Text '自动化测试-三人沙发-编辑重命名' is set on object 'Object Repository/changshanghoutai/成品管理/新增编辑/input_成品名称'

2018-03-22 09:49:09 - [MESSAGE][PASSED] - Text '自动化测试-三人沙发-编辑重命名' is set on object 'Object Repository/changshanghoutai/成品管理/新增编辑/input_成品名称'

2018-03-22 09:49:09 - [TEST_STEP][PASSED] - setText: Text 'ZX001' is set on object 'Object Repository/changshanghoutai/成品管理/新增编辑/input_成品型号'

2018-03-22 09:49:10 - [MESSAGE][PASSED] - Text 'ZX001' is set on object 'Object Repository/changshanghoutai/成品管理/新增编辑/input_成品型号'

2018-03-22 09:49:10 - [TEST_STEP][PASSED] - setText: Text '500' is set on object 'Object Repository/changshanghoutai/成品管理/新增编辑/input_长'

2018-03-22 09:49:10 - [MESSAGE][PASSED] - Text '500' is set on object 'Object Repository/changshanghoutai/成品管理/新增编辑/input_长'

2018-03-22 09:49:10 - [TEST_STEP][PASSED] - setText: Text '500' is set on object 'Object Repository/changshanghoutai/成品管理/新增编辑/input_宽'

2018-03-22 09:49:10 - [MESSAGE][PASSED] - Text '500' is set on object 'Object Repository/changshanghoutai/成品管理/新增编辑/input_宽'

2018-03-22 09:49:10 - [TEST_STEP][PASSED] - setText: Text '1200' is set on object 'Object Repository/changshanghoutai/成品管理/新增编辑/input_高'

2018-03-22 09:49:10 - [MESSAGE][PASSED] - Text '1200' is set on object 'Object Repository/changshanghoutai/成品管理/新增编辑/input_高'

2018-03-22 09:49:10 - [TEST_STEP][PASSED] - setText: Text '黑红' is set on object 'Object Repository/changshanghoutai/成品管理/新增编辑/input_颜色'

2018-03-22 09:49:10 - [MESSAGE][PASSED] - Text '黑红' is set on object 'Object Repository/changshanghoutai/成品管理/新增编辑/input_颜色'

2018-03-22 09:49:10 - [TEST_STEP][PASSED] - setText: Text '空间利用大' is set on object 'Object Repository/changshanghoutai/成品管理/新增编辑/input_重要特性'

2018-03-22 09:49:11 - [MESSAGE][PASSED] - Text '空间利用大' is set on object 'Object Repository/changshanghoutai/成品管理/新增编辑/input_重要特性'

2018-03-22 09:49:11 - [TEST_STEP][PASSED] - selectOptionByValue: All options with value '12' are selected in object 'Object Repository/changshanghoutai/成品管理/新增编辑/select_计价单位'  using regular expression

2018-03-22 09:49:11 - [MESSAGE][PASSED] - All options with value '12' are selected in object 'Object Repository/changshanghoutai/成品管理/新增编辑/select_计价单位'  using regular expression

2018-03-22 09:49:11 - [TEST_STEP][PASSED] - selectOptionByValue: All options with value '13' are selected in object 'Object Repository/changshanghoutai/成品管理/新增编辑/select_计数单位'  using regular expression

2018-03-22 09:49:11 - [MESSAGE][PASSED] - All options with value '13' are selected in object 'Object Repository/changshanghoutai/成品管理/新增编辑/select_计数单位'  using regular expression

2018-03-22 09:49:11 - [TEST_STEP][PASSED] - setText: Text '奇异造型构成了该柜子的特殊工艺' is set on object 'Object Repository/changshanghoutai/成品管理/新增编辑/textarea_备注'

2018-03-22 09:49:12 - [MESSAGE][PASSED] - Text '奇异造型构成了该柜子的特殊工艺' is set on object 'Object Repository/changshanghoutai/成品管理/新增编辑/textarea_备注'

2018-03-22 09:49:12 - [TEST_STEP][PASSED] - click: Object: 'Object Repository/changshanghoutai/成品管理/新增编辑/button_提交' is clicked on

2018-03-22 09:49:12 - [MESSAGE][PASSED] - Object: 'Object Repository/changshanghoutai/成品管理/新增编辑/button_提交' is clicked on

2018-03-22 09:49:12 - [TEST_STEP][PASSED] - delay: Delayed 5 second(s)

2018-03-22 09:49:17 - [MESSAGE][PASSED] - Delayed 5 second(s)

2018-03-22 09:49:17 - [TEST_STEP][PASSED] - verifyElementText: Actual text and expected text of test object 'Object Repository/changshanghoutai/成品管理/新增编辑/a_验证新增' are matched.

2018-03-22 09:49:17 - [MESSAGE][PASSED] - Actual text and expected text of test object 'Object Repository/changshanghoutai/成品管理/新增编辑/a_验证新增' are matched.]]></system-out>
         <system-err><![CDATA[]]></system-err>
      </testcase>
      <testcase name="Test Cases/jinxiaocun/chengpinguanli/chengpinguanli-liebiaocaozuo" classname="Test Cases/jinxiaocun/chengpinguanli/chengpinguanli-liebiaocaozuo" status="PASSED">
         <system-out><![CDATA[2018-03-22 09:49:17 - [TEST_CASE][PASSED] - Test Cases/jinxiaocun/chengpinguanli/chengpinguanli-liebiaocaozuo: Test Cases/jinxiaocun/chengpinguanli/chengpinguanli-liebiaocaozuo

2018-03-22 09:49:17 - [TEST_STEP][PASSED] - callTestCase: Call Test Case 'Test Cases/denglu' successfully

2018-03-22 09:49:18 - [TEST_CASE][PASSED] - Test Cases/denglu: Test Cases/denglu

2018-03-22 09:49:18 - [TEST_STEP][PASSED] - openBrowser: Browser is opened with url: 'http://192.168.1.120:3000'

2018-03-22 09:49:18 - [MESSAGE][WARNING] - A browser is already opened. Closing browser and opening a new one

2018-03-22 09:49:26 - [MESSAGE][PASSED] - Browser is opened with url: 'http://192.168.1.120:3000'

2018-03-22 09:49:26 - [TEST_STEP][PASSED] - setViewPortSize: Viewport is set to new size with width = 1859 and height = 1348

2018-03-22 09:49:27 - [MESSAGE][PASSED] - Viewport is set to new size with width = 1859 and height = 1348

2018-03-22 09:49:27 - [TEST_STEP][PASSED] - waitForElementVisible: Object 'Object Repository/changshanghoutai/登录/input_用户名' is visible

2018-03-22 09:49:27 - [MESSAGE][PASSED] - Object 'Object Repository/changshanghoutai/登录/input_用户名' is visible

2018-03-22 09:49:27 - [TEST_STEP][PASSED] - setText: Text 'jladmin' is set on object 'Object Repository/changshanghoutai/登录/input_用户名'

2018-03-22 09:49:27 - [MESSAGE][PASSED] - Text 'jladmin' is set on object 'Object Repository/changshanghoutai/登录/input_用户名'

2018-03-22 09:49:27 - [TEST_STEP][PASSED] - setText: Text 'admin' is set on object 'Object Repository/changshanghoutai/登录/input_密码'

2018-03-22 09:49:28 - [MESSAGE][PASSED] - Text 'admin' is set on object 'Object Repository/changshanghoutai/登录/input_密码'

2018-03-22 09:49:28 - [TEST_STEP][PASSED] - click: Object: 'Object Repository/changshanghoutai/登录/button_登录' is clicked on

2018-03-22 09:49:28 - [MESSAGE][PASSED] - Object: 'Object Repository/changshanghoutai/登录/button_登录' is clicked on

2018-03-22 09:49:28 - [MESSAGE][PASSED] - Call Test Case 'Test Cases/denglu' successfully

2018-03-22 09:49:28 - [TEST_STEP][PASSED] - waitForElementVisible: Object 'Object Repository/changshanghoutai/左侧菜单/成品管理/span_成品管理' is visible

2018-03-22 09:49:31 - [MESSAGE][PASSED] - Object 'Object Repository/changshanghoutai/左侧菜单/成品管理/span_成品管理' is visible

2018-03-22 09:49:31 - [TEST_STEP][PASSED] - click: Object: 'Object Repository/changshanghoutai/左侧菜单/成品管理/span_成品管理' is clicked on

2018-03-22 09:49:32 - [MESSAGE][PASSED] - Object: 'Object Repository/changshanghoutai/左侧菜单/成品管理/span_成品管理' is clicked on

2018-03-22 09:49:32 - [TEST_STEP][PASSED] - waitForElementVisible: Object 'Object Repository/changshanghoutai/左侧菜单/成品管理/a_成品列表' is visible

2018-03-22 09:49:32 - [MESSAGE][PASSED] - Object 'Object Repository/changshanghoutai/左侧菜单/成品管理/a_成品列表' is visible

2018-03-22 09:49:32 - [TEST_STEP][PASSED] - click: Object: 'Object Repository/changshanghoutai/左侧菜单/成品管理/a_成品列表' is clicked on

2018-03-22 09:49:33 - [MESSAGE][PASSED] - Object: 'Object Repository/changshanghoutai/左侧菜单/成品管理/a_成品列表' is clicked on

2018-03-22 09:49:33 - [TEST_STEP][PASSED] - delay: Delayed 4 second(s)

2018-03-22 09:49:37 - [MESSAGE][PASSED] - Delayed 4 second(s)

2018-03-22 09:49:37 - [TEST_STEP][PASSED] - selectOptionByValue: All options with value '2' are selected in object 'Object Repository/changshanghoutai/成品管理/列表操作/select_用途'  using regular expression

2018-03-22 09:49:37 - [MESSAGE][PASSED] - All options with value '2' are selected in object 'Object Repository/changshanghoutai/成品管理/列表操作/select_用途'  using regular expression

2018-03-22 09:49:37 - [TEST_STEP][PASSED] - click: Object: 'Object Repository/changshanghoutai/成品管理/列表操作/button_搜索' is clicked on

2018-03-22 09:49:37 - [MESSAGE][PASSED] - Object: 'Object Repository/changshanghoutai/成品管理/列表操作/button_搜索' is clicked on

2018-03-22 09:49:37 - [TEST_STEP][PASSED] - delay: Delayed 3 second(s)

2018-03-22 09:49:40 - [MESSAGE][PASSED] - Delayed 3 second(s)

2018-03-22 09:49:40 - [TEST_STEP][PASSED] - click: Object: 'Object Repository/changshanghoutai/成品管理/列表操作/button_刷新' is clicked on

2018-03-22 09:49:40 - [MESSAGE][PASSED] - Object: 'Object Repository/changshanghoutai/成品管理/列表操作/button_刷新' is clicked on

2018-03-22 09:49:40 - [TEST_STEP][PASSED] - delay: Delayed 2 second(s)

2018-03-22 09:49:42 - [MESSAGE][PASSED] - Delayed 2 second(s)

2018-03-22 09:49:42 - [TEST_STEP][PASSED] - selectOptionByValue: All options with value '2' are selected in object 'Object Repository/changshanghoutai/成品管理/列表操作/select_用途'  using regular expression

2018-03-22 09:49:43 - [MESSAGE][PASSED] - All options with value '2' are selected in object 'Object Repository/changshanghoutai/成品管理/列表操作/select_用途'  using regular expression

2018-03-22 09:49:43 - [TEST_STEP][PASSED] - delay: Delayed 2 second(s)

2018-03-22 09:49:45 - [MESSAGE][PASSED] - Delayed 2 second(s)

2018-03-22 09:49:45 - [TEST_STEP][PASSED] - selectOptionByValue: All options with value '34' are selected in object 'Object Repository/changshanghoutai/成品管理/列表操作/select_二级分类'  using regular expression

2018-03-22 09:49:45 - [MESSAGE][PASSED] - All options with value '34' are selected in object 'Object Repository/changshanghoutai/成品管理/列表操作/select_二级分类'  using regular expression

2018-03-22 09:49:45 - [TEST_STEP][PASSED] - click: Object: 'Object Repository/changshanghoutai/成品管理/列表操作/button_搜索' is clicked on

2018-03-22 09:49:45 - [MESSAGE][PASSED] - Object: 'Object Repository/changshanghoutai/成品管理/列表操作/button_搜索' is clicked on

2018-03-22 09:49:45 - [TEST_STEP][PASSED] - delay: Delayed 2 second(s)

2018-03-22 09:49:47 - [MESSAGE][PASSED] - Delayed 2 second(s)

2018-03-22 09:49:47 - [TEST_STEP][PASSED] - click: Object: 'Object Repository/changshanghoutai/成品管理/列表操作/button_刷新' is clicked on

2018-03-22 09:49:47 - [MESSAGE][PASSED] - Object: 'Object Repository/changshanghoutai/成品管理/列表操作/button_刷新' is clicked on

2018-03-22 09:49:47 - [TEST_STEP][PASSED] - delay: Delayed 2 second(s)

2018-03-22 09:49:49 - [MESSAGE][PASSED] - Delayed 2 second(s)

2018-03-22 09:49:49 - [TEST_STEP][PASSED] - selectOptionByValue: All options with value '2' are selected in object 'Object Repository/changshanghoutai/成品管理/列表操作/select_用途'  using regular expression

2018-03-22 09:49:50 - [MESSAGE][PASSED] - All options with value '2' are selected in object 'Object Repository/changshanghoutai/成品管理/列表操作/select_用途'  using regular expression

2018-03-22 09:49:50 - [TEST_STEP][PASSED] - delay: Delayed 2 second(s)

2018-03-22 09:49:52 - [MESSAGE][PASSED] - Delayed 2 second(s)

2018-03-22 09:49:52 - [TEST_STEP][PASSED] - selectOptionByValue: All options with value '34' are selected in object 'Object Repository/changshanghoutai/成品管理/列表操作/select_二级分类'  using regular expression

2018-03-22 09:49:52 - [MESSAGE][PASSED] - All options with value '34' are selected in object 'Object Repository/changshanghoutai/成品管理/列表操作/select_二级分类'  using regular expression

2018-03-22 09:49:52 - [TEST_STEP][PASSED] - delay: Delayed 2 second(s)

2018-03-22 09:49:54 - [MESSAGE][PASSED] - Delayed 2 second(s)

2018-03-22 09:49:54 - [TEST_STEP][PASSED] - selectOptionByValue: All options with value '215' are selected in object 'Object Repository/changshanghoutai/成品管理/列表操作/select_三级分类'  using regular expression

2018-03-22 09:49:54 - [MESSAGE][PASSED] - All options with value '215' are selected in object 'Object Repository/changshanghoutai/成品管理/列表操作/select_三级分类'  using regular expression

2018-03-22 09:49:54 - [TEST_STEP][PASSED] - click: Object: 'Object Repository/changshanghoutai/成品管理/列表操作/button_搜索' is clicked on

2018-03-22 09:49:54 - [MESSAGE][PASSED] - Object: 'Object Repository/changshanghoutai/成品管理/列表操作/button_搜索' is clicked on

2018-03-22 09:49:54 - [TEST_STEP][PASSED] - delay: Delayed 2 second(s)

2018-03-22 09:49:56 - [MESSAGE][PASSED] - Delayed 2 second(s)

2018-03-22 09:49:56 - [TEST_STEP][PASSED] - click: Object: 'Object Repository/changshanghoutai/成品管理/列表操作/button_刷新' is clicked on

2018-03-22 09:49:57 - [MESSAGE][PASSED] - Object: 'Object Repository/changshanghoutai/成品管理/列表操作/button_刷新' is clicked on

2018-03-22 09:49:57 - [TEST_STEP][PASSED] - delay: Delayed 2 second(s)

2018-03-22 09:49:59 - [MESSAGE][PASSED] - Delayed 2 second(s)

2018-03-22 09:49:59 - [TEST_STEP][PASSED] - selectOptionByValue: All options with value '2' are selected in object 'Object Repository/changshanghoutai/成品管理/列表操作/select_用途'  using regular expression

2018-03-22 09:49:59 - [MESSAGE][PASSED] - All options with value '2' are selected in object 'Object Repository/changshanghoutai/成品管理/列表操作/select_用途'  using regular expression

2018-03-22 09:49:59 - [TEST_STEP][PASSED] - delay: Delayed 2 second(s)

2018-03-22 09:50:01 - [MESSAGE][PASSED] - Delayed 2 second(s)

2018-03-22 09:50:01 - [TEST_STEP][PASSED] - selectOptionByValue: All options with value '34' are selected in object 'Object Repository/changshanghoutai/成品管理/列表操作/select_二级分类'  using regular expression

2018-03-22 09:50:01 - [MESSAGE][PASSED] - All options with value '34' are selected in object 'Object Repository/changshanghoutai/成品管理/列表操作/select_二级分类'  using regular expression

2018-03-22 09:50:01 - [TEST_STEP][PASSED] - delay: Delayed 2 second(s)

2018-03-22 09:50:03 - [MESSAGE][PASSED] - Delayed 2 second(s)

2018-03-22 09:50:03 - [TEST_STEP][PASSED] - selectOptionByValue: All options with value '215' are selected in object 'Object Repository/changshanghoutai/成品管理/列表操作/select_三级分类'  using regular expression

2018-03-22 09:50:03 - [MESSAGE][PASSED] - All options with value '215' are selected in object 'Object Repository/changshanghoutai/成品管理/列表操作/select_三级分类'  using regular expression

2018-03-22 09:50:03 - [TEST_STEP][PASSED] - setText: Text '自动化测试' is set on object 'Object Repository/changshanghoutai/成品管理/列表操作/input_搜索关键字'

2018-03-22 09:50:04 - [MESSAGE][PASSED] - Text '自动化测试' is set on object 'Object Repository/changshanghoutai/成品管理/列表操作/input_搜索关键字'

2018-03-22 09:50:04 - [TEST_STEP][PASSED] - click: Object: 'Object Repository/changshanghoutai/成品管理/列表操作/button_搜索' is clicked on

2018-03-22 09:50:04 - [MESSAGE][PASSED] - Object: 'Object Repository/changshanghoutai/成品管理/列表操作/button_搜索' is clicked on

2018-03-22 09:50:04 - [TEST_STEP][PASSED] - delay: Delayed 3 second(s)

2018-03-22 09:50:07 - [MESSAGE][PASSED] - Delayed 3 second(s)

2018-03-22 09:50:07 - [TEST_STEP][PASSED] - click: Object: 'Object Repository/changshanghoutai/成品管理/列表操作/button_刷新' is clicked on

2018-03-22 09:50:07 - [MESSAGE][PASSED] - Object: 'Object Repository/changshanghoutai/成品管理/列表操作/button_刷新' is clicked on

2018-03-22 09:50:07 - [TEST_STEP][PASSED] - delay: Delayed 3 second(s)

2018-03-22 09:50:10 - [MESSAGE][PASSED] - Delayed 3 second(s)

2018-03-22 09:50:10 - [TEST_STEP][PASSED] - click: Object: 'Object Repository/changshanghoutai/成品管理/列表操作/span_启用' is clicked on

2018-03-22 09:50:10 - [MESSAGE][PASSED] - Object: 'Object Repository/changshanghoutai/成品管理/列表操作/span_启用' is clicked on

2018-03-22 09:50:10 - [TEST_STEP][PASSED] - waitForElementVisible: Object 'Object Repository/changshanghoutai/成品管理/列表操作/div_切换状态成功提示' is visible

2018-03-22 09:50:11 - [MESSAGE][PASSED] - Object 'Object Repository/changshanghoutai/成品管理/列表操作/div_切换状态成功提示' is visible

2018-03-22 09:50:11 - [TEST_STEP][PASSED] - verifyElementVisible: Object 'Object Repository/changshanghoutai/成品管理/列表操作/td_禁用状态' is visible

2018-03-22 09:50:11 - [MESSAGE][PASSED] - Object 'Object Repository/changshanghoutai/成品管理/列表操作/td_禁用状态' is visible

2018-03-22 09:50:11 - [TEST_STEP][PASSED] - delay: Delayed 1 second(s)

2018-03-22 09:50:12 - [MESSAGE][PASSED] - Delayed 1 second(s)

2018-03-22 09:50:12 - [TEST_STEP][PASSED] - click: Object: 'Object Repository/changshanghoutai/成品管理/列表操作/span_禁用' is clicked on

2018-03-22 09:50:12 - [MESSAGE][PASSED] - Object: 'Object Repository/changshanghoutai/成品管理/列表操作/span_禁用' is clicked on

2018-03-22 09:50:12 - [TEST_STEP][PASSED] - waitForElementVisible: Object 'Object Repository/changshanghoutai/成品管理/列表操作/div_切换状态成功提示' is visible

2018-03-22 09:50:12 - [MESSAGE][PASSED] - Object 'Object Repository/changshanghoutai/成品管理/列表操作/div_切换状态成功提示' is visible

2018-03-22 09:50:12 - [TEST_STEP][PASSED] - verifyElementVisible: Object 'Object Repository/changshanghoutai/成品管理/列表操作/td_启用状态' is visible

2018-03-22 09:50:14 - [MESSAGE][PASSED] - Object 'Object Repository/changshanghoutai/成品管理/列表操作/td_启用状态' is visible

2018-03-22 09:50:14 - [TEST_STEP][PASSED] - click: Object: 'Object Repository/changshanghoutai/成品管理/列表操作/a_查看详情' is clicked on

2018-03-22 09:50:14 - [MESSAGE][PASSED] - Object: 'Object Repository/changshanghoutai/成品管理/列表操作/a_查看详情' is clicked on

2018-03-22 09:50:14 - [TEST_STEP][PASSED] - delay: Delayed 2 second(s)

2018-03-22 09:50:16 - [MESSAGE][PASSED] - Delayed 2 second(s)

2018-03-22 09:50:16 - [TEST_STEP][PASSED] - click: Object: 'Object Repository/changshanghoutai/成品管理/列表操作/a_返回列表' is clicked on

2018-03-22 09:50:17 - [MESSAGE][PASSED] - Object: 'Object Repository/changshanghoutai/成品管理/列表操作/a_返回列表' is clicked on]]></system-out>
         <system-err><![CDATA[]]></system-err>
      </testcase>
      <testcase name="Test Cases/jinxiaocun/chengpinguanli/chengpinguanli-liebiaocaozuo" classname="Test Cases/jinxiaocun/chengpinguanli/chengpinguanli-liebiaocaozuo" status="FAILED">
         <failure type="FAILED" message="Unable to select option by value '215' of object 'Object Repository/changshanghoutai/成品管理/列表操作/select_三级分类'  using regular expression (Root cause: org.openqa.selenium.WebDriverException: chrome not reachable
  (Session info: chrome=65.0.3325.162)
  (Driver info: chromedriver=2.35.528161 (5b82f2d2aae0ca24b877009200ced9065a772e73),platform=Windows NT 10.0.16299 x86_64) (WARNING: The server did not provide any stacktrace information)
Command duration or timeout: 0 milliseconds
Build info: version: '3.7.1', revision: '8a0099a', time: '2017-11-06T21:07:36.161Z'
System info: host: 'ADMIN', ip: '192.168.1.23', os.name: 'Windows 10', os.arch: 'amd64', os.version: '10.0', java.version: '1.8.0_102'
Driver info: com.kms.katalon.selenium.driver.CChromeDriver
Capabilities {acceptInsecureCerts: false, acceptSslCerts: false, applicationCacheEnabled: false, browserConnectionEnabled: false, browserName: chrome, chrome: {chromedriverVersion: 2.35.528161 (5b82f2d2aae0ca..., userDataDir: C:\Users\sun\AppData\Local\...}, cssSelectorsEnabled: true, databaseEnabled: false, handlesAlerts: true, hasTouchScreen: false, javascriptEnabled: true, locationContextEnabled: true, mobileEmulationEnabled: false, nativeEvents: true, networkConnectionEnabled: false, pageLoadStrategy: normal, platform: XP, platformName: XP, rotatable: false, setWindowRect: true, takesHeapSnapshot: true, takesScreenshot: true, unexpectedAlertBehaviour: , unhandledPromptBehavior: , version: 65.0.3325.162, webStorageEnabled: true}
Session ID: 4f78941c377acbb58ab54340b916f99d
*** Element info: {Using=xpath, value=//*[@id=&quot;data-list&quot;]/div[1]/div[1]/div[3]/select})"/>
         <system-out><![CDATA[2018-03-22 09:50:17 - [TEST_CASE][FAILED] - Test Cases/jinxiaocun/chengpinguanli/chengpinguanli-liebiaocaozuo: Test Cases/jinxiaocun/chengpinguanli/chengpinguanli-liebiaocaozuo FAILED because (of) Unable to select option by value '215' of object 'Object Repository/changshanghoutai/成品管理/列表操作/select_三级分类'  using regular expression (Root cause: org.openqa.selenium.WebDriverException: chrome not reachable
  (Session info: chrome=65.0.3325.162)
  (Driver info: chromedriver=2.35.528161 (5b82f2d2aae0ca24b877009200ced9065a772e73),platform=Windows NT 10.0.16299 x86_64) (WARNING: The server did not provide any stacktrace information)
Command duration or timeout: 0 milliseconds
Build info: version: '3.7.1', revision: '8a0099a', time: '2017-11-06T21:07:36.161Z'
System info: host: 'ADMIN', ip: '192.168.1.23', os.name: 'Windows 10', os.arch: 'amd64', os.version: '10.0', java.version: '1.8.0_102'
Driver info: com.kms.katalon.selenium.driver.CChromeDriver
Capabilities {acceptInsecureCerts: false, acceptSslCerts: false, applicationCacheEnabled: false, browserConnectionEnabled: false, browserName: chrome, chrome: {chromedriverVersion: 2.35.528161 (5b82f2d2aae0ca..., userDataDir: C:\Users\sun\AppData\Local\...}, cssSelectorsEnabled: true, databaseEnabled: false, handlesAlerts: true, hasTouchScreen: false, javascriptEnabled: true, locationContextEnabled: true, mobileEmulationEnabled: false, nativeEvents: true, networkConnectionEnabled: false, pageLoadStrategy: normal, platform: XP, platformName: XP, rotatable: false, setWindowRect: true, takesHeapSnapshot: true, takesScreenshot: true, unexpectedAlertBehaviour: , unhandledPromptBehavior: , version: 65.0.3325.162, webStorageEnabled: true}
Session ID: 4f78941c377acbb58ab54340b916f99d
*** Element info: {Using=xpath, value=//*[@id="data-list"]/div[1]/div[1]/div[3]/select})

2018-03-22 09:50:17 - [TEST_STEP][PASSED] - callTestCase: Call Test Case 'Test Cases/denglu' successfully

2018-03-22 09:50:17 - [TEST_CASE][PASSED] - Test Cases/denglu: Test Cases/denglu

2018-03-22 09:50:17 - [TEST_STEP][PASSED] - openBrowser: Browser is opened with url: 'http://192.168.1.120:3000'

2018-03-22 09:50:17 - [MESSAGE][WARNING] - A browser is already opened. Closing browser and opening a new one

2018-03-22 09:50:24 - [MESSAGE][PASSED] - Browser is opened with url: 'http://192.168.1.120:3000'

2018-03-22 09:50:24 - [TEST_STEP][PASSED] - setViewPortSize: Viewport is set to new size with width = 1859 and height = 1348

2018-03-22 09:50:25 - [MESSAGE][PASSED] - Viewport is set to new size with width = 1859 and height = 1348

2018-03-22 09:50:25 - [TEST_STEP][PASSED] - waitForElementVisible: Object 'Object Repository/changshanghoutai/登录/input_用户名' is visible

2018-03-22 09:50:25 - [MESSAGE][PASSED] - Object 'Object Repository/changshanghoutai/登录/input_用户名' is visible

2018-03-22 09:50:25 - [TEST_STEP][PASSED] - setText: Text 'jladmin' is set on object 'Object Repository/changshanghoutai/登录/input_用户名'

2018-03-22 09:50:25 - [MESSAGE][PASSED] - Text 'jladmin' is set on object 'Object Repository/changshanghoutai/登录/input_用户名'

2018-03-22 09:50:25 - [TEST_STEP][PASSED] - setText: Text 'admin' is set on object 'Object Repository/changshanghoutai/登录/input_密码'

2018-03-22 09:50:26 - [MESSAGE][PASSED] - Text 'admin' is set on object 'Object Repository/changshanghoutai/登录/input_密码'

2018-03-22 09:50:26 - [TEST_STEP][PASSED] - click: Object: 'Object Repository/changshanghoutai/登录/button_登录' is clicked on

2018-03-22 09:50:26 - [MESSAGE][PASSED] - Object: 'Object Repository/changshanghoutai/登录/button_登录' is clicked on

2018-03-22 09:50:26 - [MESSAGE][PASSED] - Call Test Case 'Test Cases/denglu' successfully

2018-03-22 09:50:26 - [TEST_STEP][PASSED] - waitForElementVisible: Object 'Object Repository/changshanghoutai/左侧菜单/成品管理/span_成品管理' is visible

2018-03-22 09:50:29 - [MESSAGE][PASSED] - Object 'Object Repository/changshanghoutai/左侧菜单/成品管理/span_成品管理' is visible

2018-03-22 09:50:29 - [TEST_STEP][PASSED] - click: Object: 'Object Repository/changshanghoutai/左侧菜单/成品管理/span_成品管理' is clicked on

2018-03-22 09:50:29 - [MESSAGE][PASSED] - Object: 'Object Repository/changshanghoutai/左侧菜单/成品管理/span_成品管理' is clicked on

2018-03-22 09:50:29 - [TEST_STEP][PASSED] - waitForElementVisible: Object 'Object Repository/changshanghoutai/左侧菜单/成品管理/a_成品列表' is visible

2018-03-22 09:50:29 - [MESSAGE][PASSED] - Object 'Object Repository/changshanghoutai/左侧菜单/成品管理/a_成品列表' is visible

2018-03-22 09:50:29 - [TEST_STEP][PASSED] - click: Object: 'Object Repository/changshanghoutai/左侧菜单/成品管理/a_成品列表' is clicked on

2018-03-22 09:50:30 - [MESSAGE][PASSED] - Object: 'Object Repository/changshanghoutai/左侧菜单/成品管理/a_成品列表' is clicked on

2018-03-22 09:50:30 - [TEST_STEP][PASSED] - delay: Delayed 4 second(s)

2018-03-22 09:50:34 - [MESSAGE][PASSED] - Delayed 4 second(s)

2018-03-22 09:50:34 - [TEST_STEP][PASSED] - selectOptionByValue: All options with value '2' are selected in object 'Object Repository/changshanghoutai/成品管理/列表操作/select_用途'  using regular expression

2018-03-22 09:50:34 - [MESSAGE][PASSED] - All options with value '2' are selected in object 'Object Repository/changshanghoutai/成品管理/列表操作/select_用途'  using regular expression

2018-03-22 09:50:34 - [TEST_STEP][PASSED] - click: Object: 'Object Repository/changshanghoutai/成品管理/列表操作/button_搜索' is clicked on

2018-03-22 09:50:34 - [MESSAGE][PASSED] - Object: 'Object Repository/changshanghoutai/成品管理/列表操作/button_搜索' is clicked on

2018-03-22 09:50:34 - [TEST_STEP][PASSED] - delay: Delayed 3 second(s)

2018-03-22 09:50:37 - [MESSAGE][PASSED] - Delayed 3 second(s)

2018-03-22 09:50:37 - [TEST_STEP][PASSED] - click: Object: 'Object Repository/changshanghoutai/成品管理/列表操作/button_刷新' is clicked on

2018-03-22 09:50:38 - [MESSAGE][PASSED] - Object: 'Object Repository/changshanghoutai/成品管理/列表操作/button_刷新' is clicked on

2018-03-22 09:50:38 - [TEST_STEP][PASSED] - delay: Delayed 2 second(s)

2018-03-22 09:50:40 - [MESSAGE][PASSED] - Delayed 2 second(s)

2018-03-22 09:50:40 - [TEST_STEP][PASSED] - selectOptionByValue: All options with value '2' are selected in object 'Object Repository/changshanghoutai/成品管理/列表操作/select_用途'  using regular expression

2018-03-22 09:50:40 - [MESSAGE][PASSED] - All options with value '2' are selected in object 'Object Repository/changshanghoutai/成品管理/列表操作/select_用途'  using regular expression

2018-03-22 09:50:40 - [TEST_STEP][PASSED] - delay: Delayed 2 second(s)

2018-03-22 09:50:42 - [MESSAGE][PASSED] - Delayed 2 second(s)

2018-03-22 09:50:42 - [TEST_STEP][PASSED] - selectOptionByValue: All options with value '34' are selected in object 'Object Repository/changshanghoutai/成品管理/列表操作/select_二级分类'  using regular expression

2018-03-22 09:50:42 - [MESSAGE][PASSED] - All options with value '34' are selected in object 'Object Repository/changshanghoutai/成品管理/列表操作/select_二级分类'  using regular expression

2018-03-22 09:50:42 - [TEST_STEP][PASSED] - click: Object: 'Object Repository/changshanghoutai/成品管理/列表操作/button_搜索' is clicked on

2018-03-22 09:50:42 - [MESSAGE][PASSED] - Object: 'Object Repository/changshanghoutai/成品管理/列表操作/button_搜索' is clicked on

2018-03-22 09:50:42 - [TEST_STEP][PASSED] - delay: Delayed 2 second(s)

2018-03-22 09:50:44 - [MESSAGE][PASSED] - Delayed 2 second(s)

2018-03-22 09:50:44 - [TEST_STEP][PASSED] - click: Object: 'Object Repository/changshanghoutai/成品管理/列表操作/button_刷新' is clicked on

2018-03-22 09:50:44 - [MESSAGE][PASSED] - Object: 'Object Repository/changshanghoutai/成品管理/列表操作/button_刷新' is clicked on

2018-03-22 09:50:44 - [TEST_STEP][PASSED] - delay: Delayed 2 second(s)

2018-03-22 09:50:46 - [MESSAGE][PASSED] - Delayed 2 second(s)

2018-03-22 09:50:46 - [TEST_STEP][PASSED] - selectOptionByValue: All options with value '2' are selected in object 'Object Repository/changshanghoutai/成品管理/列表操作/select_用途'  using regular expression

2018-03-22 09:50:47 - [MESSAGE][PASSED] - All options with value '2' are selected in object 'Object Repository/changshanghoutai/成品管理/列表操作/select_用途'  using regular expression

2018-03-22 09:50:47 - [TEST_STEP][PASSED] - delay: Delayed 2 second(s)

2018-03-22 09:50:49 - [MESSAGE][PASSED] - Delayed 2 second(s)

2018-03-22 09:50:49 - [TEST_STEP][PASSED] - selectOptionByValue: All options with value '34' are selected in object 'Object Repository/changshanghoutai/成品管理/列表操作/select_二级分类'  using regular expression

2018-03-22 09:50:49 - [MESSAGE][PASSED] - All options with value '34' are selected in object 'Object Repository/changshanghoutai/成品管理/列表操作/select_二级分类'  using regular expression

2018-03-22 09:50:49 - [TEST_STEP][PASSED] - delay: Delayed 2 second(s)

2018-03-22 09:50:51 - [MESSAGE][PASSED] - Delayed 2 second(s)

2018-03-22 09:50:51 - [TEST_STEP][FAILED] - selectOptionByValue: Unable to select option by value '215' of object 'Object Repository/changshanghoutai/成品管理/列表操作/select_三级分类'  using regular expression (Root cause: org.openqa.selenium.WebDriverException: chrome not reachable
  (Session info: chrome=65.0.3325.162)
  (Driver info: chromedriver=2.35.528161 (5b82f2d2aae0ca24b877009200ced9065a772e73),platform=Windows NT 10.0.16299 x86_64) (WARNING: The server did not provide any stacktrace information)
Command duration or timeout: 0 milliseconds
Build info: version: '3.7.1', revision: '8a0099a', time: '2017-11-06T21:07:36.161Z'
System info: host: 'ADMIN', ip: '192.168.1.23', os.name: 'Windows 10', os.arch: 'amd64', os.version: '10.0', java.version: '1.8.0_102'
Driver info: com.kms.katalon.selenium.driver.CChromeDriver
Capabilities {acceptInsecureCerts: false, acceptSslCerts: false, applicationCacheEnabled: false, browserConnectionEnabled: false, browserName: chrome, chrome: {chromedriverVersion: 2.35.528161 (5b82f2d2aae0ca..., userDataDir: C:\Users\sun\AppData\Local\...}, cssSelectorsEnabled: true, databaseEnabled: false, handlesAlerts: true, hasTouchScreen: false, javascriptEnabled: true, locationContextEnabled: true, mobileEmulationEnabled: false, nativeEvents: true, networkConnectionEnabled: false, pageLoadStrategy: normal, platform: XP, platformName: XP, rotatable: false, setWindowRect: true, takesHeapSnapshot: true, takesScreenshot: true, unexpectedAlertBehaviour: , unhandledPromptBehavior: , version: 65.0.3325.162, webStorageEnabled: true}
Session ID: 4f78941c377acbb58ab54340b916f99d
*** Element info: {Using=xpath, value=//*[@id="data-list"]/div[1]/div[1]/div[3]/select})

2018-03-22 09:50:59 - [MESSAGE][WARNING] - Cannot take screenshot

2018-03-22 09:50:59 - [MESSAGE][FAILED] - Unable to select option by value '215' of object 'Object Repository/changshanghoutai/成品管理/列表操作/select_三级分类'  using regular expression (Root cause: org.openqa.selenium.WebDriverException: chrome not reachable
  (Session info: chrome=65.0.3325.162)
  (Driver info: chromedriver=2.35.528161 (5b82f2d2aae0ca24b877009200ced9065a772e73),platform=Windows NT 10.0.16299 x86_64) (WARNING: The server did not provide any stacktrace information)
Command duration or timeout: 0 milliseconds
Build info: version: '3.7.1', revision: '8a0099a', time: '2017-11-06T21:07:36.161Z'
System info: host: 'ADMIN', ip: '192.168.1.23', os.name: 'Windows 10', os.arch: 'amd64', os.version: '10.0', java.version: '1.8.0_102'
Driver info: com.kms.katalon.selenium.driver.CChromeDriver
Capabilities {acceptInsecureCerts: false, acceptSslCerts: false, applicationCacheEnabled: false, browserConnectionEnabled: false, browserName: chrome, chrome: {chromedriverVersion: 2.35.528161 (5b82f2d2aae0ca..., userDataDir: C:\Users\sun\AppData\Local\...}, cssSelectorsEnabled: true, databaseEnabled: false, handlesAlerts: true, hasTouchScreen: false, javascriptEnabled: true, locationContextEnabled: true, mobileEmulationEnabled: false, nativeEvents: true, networkConnectionEnabled: false, pageLoadStrategy: normal, platform: XP, platformName: XP, rotatable: false, setWindowRect: true, takesHeapSnapshot: true, takesScreenshot: true, unexpectedAlertBehaviour: , unhandledPromptBehavior: , version: 65.0.3325.162, webStorageEnabled: true}
Session ID: 4f78941c377acbb58ab54340b916f99d
*** Element info: {Using=xpath, value=//*[@id="data-list"]/div[1]/div[1]/div[3]/select})]]></system-out>
         <system-err><![CDATA[2018-03-22 09:50:17 - [TEST_CASE][FAILED] - Test Cases/jinxiaocun/chengpinguanli/chengpinguanli-liebiaocaozuo: Test Cases/jinxiaocun/chengpinguanli/chengpinguanli-liebiaocaozuo FAILED because (of) Unable to select option by value '215' of object 'Object Repository/changshanghoutai/成品管理/列表操作/select_三级分类'  using regular expression (Root cause: org.openqa.selenium.WebDriverException: chrome not reachable
  (Session info: chrome=65.0.3325.162)
  (Driver info: chromedriver=2.35.528161 (5b82f2d2aae0ca24b877009200ced9065a772e73),platform=Windows NT 10.0.16299 x86_64) (WARNING: The server did not provide any stacktrace information)
Command duration or timeout: 0 milliseconds
Build info: version: '3.7.1', revision: '8a0099a', time: '2017-11-06T21:07:36.161Z'
System info: host: 'ADMIN', ip: '192.168.1.23', os.name: 'Windows 10', os.arch: 'amd64', os.version: '10.0', java.version: '1.8.0_102'
Driver info: com.kms.katalon.selenium.driver.CChromeDriver
Capabilities {acceptInsecureCerts: false, acceptSslCerts: false, applicationCacheEnabled: false, browserConnectionEnabled: false, browserName: chrome, chrome: {chromedriverVersion: 2.35.528161 (5b82f2d2aae0ca..., userDataDir: C:\Users\sun\AppData\Local\...}, cssSelectorsEnabled: true, databaseEnabled: false, handlesAlerts: true, hasTouchScreen: false, javascriptEnabled: true, locationContextEnabled: true, mobileEmulationEnabled: false, nativeEvents: true, networkConnectionEnabled: false, pageLoadStrategy: normal, platform: XP, platformName: XP, rotatable: false, setWindowRect: true, takesHeapSnapshot: true, takesScreenshot: true, unexpectedAlertBehaviour: , unhandledPromptBehavior: , version: 65.0.3325.162, webStorageEnabled: true}
Session ID: 4f78941c377acbb58ab54340b916f99d
*** Element info: {Using=xpath, value=//*[@id="data-list"]/div[1]/div[1]/div[3]/select})]]></system-err>
      </testcase>
      <system-out><![CDATA[2018-03-22 09:47:55 - [TEST_SUITE][FAILED] - chengpinceshi: Test Cases/jinxiaocun/chengpinguanli/chengpinguanli-liebiaocaozuo FAILED because (of) Unable to select option by value '215' of object 'Object Repository/changshanghoutai/成品管理/列表操作/select_三级分类'  using regular expression (Root cause: org.openqa.selenium.WebDriverException: chrome not reachable
  (Session info: chrome=65.0.3325.162)
  (Driver info: chromedriver=2.35.528161 (5b82f2d2aae0ca24b877009200ced9065a772e73),platform=Windows NT 10.0.16299 x86_64) (WARNING: The server did not provide any stacktrace information)
Command duration or timeout: 0 milliseconds
Build info: version: '3.7.1', revision: '8a0099a', time: '2017-11-06T21:07:36.161Z'
System info: host: 'ADMIN', ip: '192.168.1.23', os.name: 'Windows 10', os.arch: 'amd64', os.version: '10.0', java.version: '1.8.0_102'
Driver info: com.kms.katalon.selenium.driver.CChromeDriver
Capabilities {acceptInsecureCerts: false, acceptSslCerts: false, applicationCacheEnabled: false, browserConnectionEnabled: false, browserName: chrome, chrome: {chromedriverVersion: 2.35.528161 (5b82f2d2aae0ca..., userDataDir: C:\Users\sun\AppData\Local\...}, cssSelectorsEnabled: true, databaseEnabled: false, handlesAlerts: true, hasTouchScreen: false, javascriptEnabled: true, locationContextEnabled: true, mobileEmulationEnabled: false, nativeEvents: true, networkConnectionEnabled: false, pageLoadStrategy: normal, platform: XP, platformName: XP, rotatable: false, setWindowRect: true, takesHeapSnapshot: true, takesScreenshot: true, unexpectedAlertBehaviour: , unhandledPromptBehavior: , version: 65.0.3325.162, webStorageEnabled: true}
Session ID: 4f78941c377acbb58ab54340b916f99d
*** Element info: {Using=xpath, value=//*[@id="data-list"]/div[1]/div[1]/div[3]/select})]]></system-out>
      <system-err><![CDATA[2018-03-22 09:47:55 - [TEST_SUITE][FAILED] - chengpinceshi: Test Cases/jinxiaocun/chengpinguanli/chengpinguanli-liebiaocaozuo FAILED because (of) Unable to select option by value '215' of object 'Object Repository/changshanghoutai/成品管理/列表操作/select_三级分类'  using regular expression (Root cause: org.openqa.selenium.WebDriverException: chrome not reachable
  (Session info: chrome=65.0.3325.162)
  (Driver info: chromedriver=2.35.528161 (5b82f2d2aae0ca24b877009200ced9065a772e73),platform=Windows NT 10.0.16299 x86_64) (WARNING: The server did not provide any stacktrace information)
Command duration or timeout: 0 milliseconds
Build info: version: '3.7.1', revision: '8a0099a', time: '2017-11-06T21:07:36.161Z'
System info: host: 'ADMIN', ip: '192.168.1.23', os.name: 'Windows 10', os.arch: 'amd64', os.version: '10.0', java.version: '1.8.0_102'
Driver info: com.kms.katalon.selenium.driver.CChromeDriver
Capabilities {acceptInsecureCerts: false, acceptSslCerts: false, applicationCacheEnabled: false, browserConnectionEnabled: false, browserName: chrome, chrome: {chromedriverVersion: 2.35.528161 (5b82f2d2aae0ca..., userDataDir: C:\Users\sun\AppData\Local\...}, cssSelectorsEnabled: true, databaseEnabled: false, handlesAlerts: true, hasTouchScreen: false, javascriptEnabled: true, locationContextEnabled: true, mobileEmulationEnabled: false, nativeEvents: true, networkConnectionEnabled: false, pageLoadStrategy: normal, platform: XP, platformName: XP, rotatable: false, setWindowRect: true, takesHeapSnapshot: true, takesScreenshot: true, unexpectedAlertBehaviour: , unhandledPromptBehavior: , version: 65.0.3325.162, webStorageEnabled: true}
Session ID: 4f78941c377acbb58ab54340b916f99d
*** Element info: {Using=xpath, value=//*[@id="data-list"]/div[1]/div[1]/div[3]/select})]]></system-err>
   </testsuite>
</testsuites>
